<?xml version="1.0" encoding="UTF-8"?>
<testsuite name="aeroport.AeroportTest" tests="1" skipped="0" failures="0" errors="0" timestamp="2015-01-08T19:45:41" hostname="Zukiqx-PC" time="0.01">
  <properties/>
  <testcase name="constructeurAeroport" classname="aeroport.AeroportTest" time="0.01"/>
  <system-out><![CDATA[]]></system-out>
  <system-err><![CDATA[]]></system-err>
</testsuite>
