<?xml version="1.0" encoding="UTF-8"?>
<testsuite name="aeroport.EmployeTest" tests="1" skipped="0" failures="0" errors="0" timestamp="2015-01-08T19:45:41" hostname="Zukiqx-PC" time="0.0">
  <properties/>
  <testcase name="constructeurEmploye" classname="aeroport.EmployeTest" time="0.0"/>
  <system-out><![CDATA[]]></system-out>
  <system-err><![CDATA[]]></system-err>
</testsuite>
