<?xml version="1.0" encoding="UTF-8"?>
<testsuite name="aeroport.QuaiTest" tests="2" skipped="0" failures="0" errors="0" timestamp="2015-01-08T19:45:41" hostname="Zukiqx-PC" time="0.0">
  <properties/>
  <testcase name="atterrissageQuai" classname="aeroport.QuaiTest" time="0.0"/>
  <testcase name="decollageQuai" classname="aeroport.QuaiTest" time="0.0"/>
  <system-out><![CDATA[]]></system-out>
  <system-err><![CDATA[]]></system-err>
</testsuite>
